0 verbose cli C:\Program Files\nodejs\node.exe C:\Program Files\nodejs\node_modules\npm\bin\npm-cli.js
1 info using npm@10.2.4
2 info using node@v20.11.1
3 timing npm:load:whichnode Completed in 11ms
4 timing config:load:defaults Completed in 8ms
5 timing config:load:file:C:\Program Files\nodejs\node_modules\npm\npmrc Completed in 14ms
6 timing config:load:builtin Completed in 15ms
7 timing config:load:cli Completed in 10ms
8 timing config:load:env Completed in 2ms
9 timing config:load:project Completed in 2ms
10 timing config:load:file:C:\Users\M Z Coputer HYD\.npmrc Completed in 3ms
11 timing config:load:user Completed in 3ms
12 timing config:load:file:C:\Users\M Z Coputer HYD\AppData\Roaming\npm\etc\npmrc Completed in 2ms
13 timing config:load:global Completed in 3ms
14 timing config:load:setEnvs Completed in 3ms
15 timing config:load Completed in 50ms
16 timing npm:load:configload Completed in 50ms
17 timing config:load:flatten Completed in 14ms
18 timing npm:load:mkdirpcache Completed in 2ms
19 timing npm:load:mkdirplogs Completed in 1ms
20 verbose title npm prefix
21 verbose argv "prefix" "--global"
22 timing npm:load:setTitle Completed in 2ms
23 timing npm:load:display Completed in 2ms
24 verbose logfile logs-max:10 dir:C:\Users\M Z Coputer HYD\Documents\next js 2\my-portfolio\UsersYourUsernameAppDataRoamingnpm-cache\_logs\2024-12-19T15_51_12_746Z-
25 verbose logfile C:\Users\M Z Coputer HYD\Documents\next js 2\my-portfolio\UsersYourUsernameAppDataRoamingnpm-cache\_logs\2024-12-19T15_51_12_746Z-debug-0.log
26 timing npm:load:logFile Completed in 60ms
27 timing npm:load:timers Completed in 0ms
28 timing npm:load:configScope Completed in 0ms
29 timing npm:load Completed in 225ms
30 timing command:prefix Completed in 7ms
31 verbose exit 0
32 timing npm Completed in 554ms
33 info ok
